


ARM Macro Assembler    Page 1 


    1 00000000         ; LCD.s
    2 00000000         ; Student names: Aditya Khanna and Hubert Ning
    3 00000000         ; Last modification date: 15 April 2018
    4 00000000         
    5 00000000         ; Runs on LM4F120/TM4C123
    6 00000000         ; Use SSI0 to send an 8-bit code to the ST7735 160x128 p
                       ixel LCD.
    7 00000000         
    8 00000000         ; As part of Lab 7, students need to implement these LCD
                       _WriteCommand and LCD_WriteData
    9 00000000         ; This driver assumes two low-level LCD functions
   10 00000000         
   11 00000000         ; Backlight (pin 10) connected to +3.3 V
   12 00000000         ; MISO (pin 9) unconnected
   13 00000000         ; SCK (pin 8) connected to PA2 (SSI0Clk)
   14 00000000         ; MOSI (pin 7) connected to PA5 (SSI0Tx)
   15 00000000         ; TFT_CS (pin 6) connected to PA3 (SSI0Fss)
   16 00000000         ; CARD_CS (pin 5) unconnected
   17 00000000         ; Data/Command (pin 4) connected to PA6 (GPIO)
   18 00000000         ; RESET (pin 3) connected to PA7 (GPIO)
   19 00000000         ; VCC (pin 2) connected to +3.3 V
   20 00000000         ; Gnd (pin 1) connected to ground
   21 00000000         
   22 00000000 40004100 
                       DC      EQU              0x40004100
   23 00000000 00000000 
                       DC_COMMAND
                               EQU              0
   24 00000000 00000040 
                       DC_DATA EQU              0x40
   25 00000000 40008008 
                       SSI0_DR_R
                               EQU              0x40008008
   26 00000000 4000800C 
                       SSI0_SR_R
                               EQU              0x4000800C
   27 00000000 00000004 
                       SSI_SR_RNE
                               EQU              0x00000004  ; SSI Receive FIFO 
                                                            Not Empty
   28 00000000 00000010 
                       SSI_SR_BSY
                               EQU              0x00000010  ; SSI Busy Bit
   29 00000000 00000002 
                       SSI_SR_TNF
                               EQU              0x00000002  ; SSI Transmit FIFO
                                                             Not Full
   30 00000000         
   31 00000000                 EXPORT           writecommand
   32 00000000                 EXPORT           writedata
   33 00000000         
   34 00000000                 AREA             |.text|, CODE, READONLY, ALIGN=
2
   35 00000000                 THUMB
   36 00000000                 ALIGN
   37 00000000         
   38 00000000         ; The Data/Command pin must be valid when the eighth bit
                        is
   39 00000000         ; sent.  The SSI module has hardware input and output FI



ARM Macro Assembler    Page 2 


                       FOs
   40 00000000         ; that are 8 locations deep.  Based on the observation t
                       hat
   41 00000000         ; the LCD interface tends to send a few commands and the
                       n a
   42 00000000         ; lot of data, the FIFOs are not used when writing
   43 00000000         ; commands, and they are used when writing data.  This
   44 00000000         ; ensures that the Data/Command pin status matches the b
                       yte
   45 00000000         ; that is actually being transmitted.
   46 00000000         ; The write command operation waits until all data has b
                       een
   47 00000000         ; sent, configures the Data/Command pin for commands, se
                       nds
   48 00000000         ; the command, and then waits for the transmission to
   49 00000000         ; finish.
   50 00000000         ; The write data operation waits until there is room in 
                       the
   51 00000000         ; transmit FIFO, configures the Data/Command pin for dat
                       a,
   52 00000000         ; and then adds the data to the transmit FIFO.
   53 00000000         ; NOTE: These functions will crash or stall indefinitely
                        if
   54 00000000         ; the SSI0 module is not initialized and enabled.
   55 00000000         
   56 00000000         ; This is a helper function that sends an 8-bit command 
                       to the LCD.
   57 00000000         ; Input: R0  8-bit command to transmit
   58 00000000         ; Output: none
   59 00000000         ; Assumes: SSI0 and port A have already been initialized
                        and enabled
   60 00000000         writecommand
   61 00000000         ;;--UUU-- Complete this (copy from Lab7-8)
   62 00000000         ;; Code to write a command to the LCD
   63 00000000         ;1) Read SSI0_SR_R and check bit 4, 
   64 00000000         ;2) If bit 4 is high, loop back to step 1 (wait for BUSY
                        bit to be low)
   65 00000000         ;3) Clear D/C=PA6 to zero
   66 00000000         ;4) Write the command to SSI0_DR_R
   67 00000000         ;5) Read SSI0_SR_R and check bit 4, 
   68 00000000         ;6) If bit 4 is high, loop back to step 5 (wait for BUSY
                        bit to be low)
   69 00000000 E92D 0FF0       PUSH             {R4-R11}    ;Saves All The Regi
                                                            sters
   70 00000004 4B12            LDR              R3, =SSI0_SR_R
   71 00000006         POLL
   72 00000006 681C            LDR              R4, [R3]
   73 00000008 F004 0410       AND              R4, R4, #0x10
   74 0000000C 2C00            CMP              R4, #0
   75 0000000E D1FA            BNE              POLL        ;Polls To Check If 
                                                            SSI0_SR_R Bit 4 Is 
                                                            Low
   76 00000010 4D10            LDR              R5, =DC
   77 00000012 F04F 0600       LDR              R6, =DC_COMMAND
   78 00000016 602E            STR              R6, [R5]    ;Sets DC To 0
   79 00000018 4D0F            LDR              R5, =SSI0_DR_R
   80 0000001A 7028            STRB             R0, [R5]    ;Writes Command in 
                                                            R0 To SSI0_DR_R
   81 0000001C         POLL2



ARM Macro Assembler    Page 3 


   82 0000001C 681C            LDR              R4, [R3]
   83 0000001E F004 0410       AND              R4, R4, #0x10
   84 00000022 2C00            CMP              R4, #0
   85 00000024 D1FA            BNE              POLL2       ;Polls To Check If 
                                                            SSI0_SR_R Bit 4 Is 
                                                            Low
   86 00000026 E8BD 0FF0       POP              {R4-R11}    ;Restores All Of Th
                                                            e Registers
   87 0000002A 4770            BX               LR          ;Return
   88 0000002C         
   89 0000002C         ; This is a helper function that sends an 8-bit data to 
                       the LCD.
   90 0000002C         ; Input: R0  8-bit data to transmit
   91 0000002C         ; Output: none
   92 0000002C         ; Assumes: SSI0 and port A have already been initialized
                        and enabled
   93 0000002C         writedata
   94 0000002C         ;;--UUU-- Complete this (copy from Lab7-8)
   95 0000002C         ;; Code to write data to the LCD
   96 0000002C         ;1) Read SSI0_SR_R and check bit 1, 
   97 0000002C         ;2) If bit 1 is low loop back to step 1 (wait for TNF bi
                       t to be high)
   98 0000002C         ;3) Set D/C=PA6 to one
   99 0000002C         ;4) Write the 8-bit data to SSI0_DR_R
  100 0000002C E92D 0FF0       PUSH             {R4-R11}    ;Saves All The Regi
                                                            sters
  101 00000030 4B07            LDR              R3, =SSI0_SR_R
  102 00000032         POLL3
  103 00000032 681C            LDR              R4, [R3]
  104 00000034 F004 0401       AND              R4, R4, #0x01
  105 00000038 2C00            CMP              R4, #0
  106 0000003A D0FA            BEQ              POLL3       ;Polls To Check If 
                                                            SSI0_SR_R Bit 1 Is 
                                                            High
  107 0000003C 4D05            LDR              R5, =DC
  108 0000003E F04F 0640       LDR              R6, =DC_DATA
  109 00000042 602E            STR              R6, [R5]    ;Sets DC To DC_Data
                                                             Which Is 0x40
  110 00000044 4D04            LDR              R5, =SSI0_DR_R
  111 00000046 7028            STRB             R0, [R5]    ;Writes Data in R0 
                                                            To SSI0_DR_R
  112 00000048 E8BD 0FF0       POP              {R4-R11}    ;Restores All Of Th
                                                            e Registers
  113 0000004C 4770            BX               LR          ;Return
  114 0000004E         
  115 0000004E         
  116 0000004E         ;***************************************************
  117 0000004E         ; This is a library for the Adafruit 1.8" SPI display.
  118 0000004E         ; This library works with the Adafruit 1.8" TFT Breakout
                        w/SD card
  119 0000004E         ; ----> http://www.adafruit.com/products/358
  120 0000004E         ; as well as Adafruit raw 1.8" TFT display
  121 0000004E         ; ----> http://www.adafruit.com/products/618
  122 0000004E         ;
  123 0000004E         ; Check out the links above for our tutorials and wiring
                        diagrams
  124 0000004E         ; These displays use SPI to communicate, 4 or 5 pins are
                        required to
  125 0000004E         ; interface (RST is optional)



ARM Macro Assembler    Page 4 


  126 0000004E         ; Adafruit invests time and resources providing this ope
                       n source code,
  127 0000004E         ; please support Adafruit and open-source hardware by pu
                       rchasing
  128 0000004E         ; products from Adafruit!
  129 0000004E         ;
  130 0000004E         ; Written by Limor Fried/Ladyada for Adafruit Industries
                       .
  131 0000004E         ; MIT license, all text above must be included in any re
                       distribution
  132 0000004E         ;****************************************************
  133 0000004E         
  134 0000004E 00 00           ALIGN                        ; make sure the end
                                                             of this section is
                                                             aligned
  135 00000050                 END                          ; end of file
              4000800C 
              40004100 
              40008008 
Command Line: --debug --xref --cpu=Cortex-M4 --apcs=interwork --depend=.\lcd.d 
-o.\lcd.o -IC:\Users\adity\Desktop\Keil\ARM\RV31\INC -IC:\Users\adity\Desktop\K
eil\ARM\CMSIS\Include -IC:\Users\adity\Desktop\Keil\ARM\Inc\Luminary --list=.\l
cd.lst LCD.s



ARM Macro Assembler    Page 1 Alphabetic symbol ordering
Relocatable symbols

.text 00000000

Symbol: .text
   Definitions
      At line 34 in file LCD.s
   Uses
      None
Comment: .text unused
POLL 00000006

Symbol: POLL
   Definitions
      At line 71 in file LCD.s
   Uses
      At line 75 in file LCD.s
Comment: POLL used once
POLL2 0000001C

Symbol: POLL2
   Definitions
      At line 81 in file LCD.s
   Uses
      At line 85 in file LCD.s
Comment: POLL2 used once
POLL3 00000032

Symbol: POLL3
   Definitions
      At line 102 in file LCD.s
   Uses
      At line 106 in file LCD.s
Comment: POLL3 used once
writecommand 00000000

Symbol: writecommand
   Definitions
      At line 60 in file LCD.s
   Uses
      At line 31 in file LCD.s
Comment: writecommand used once
writedata 0000002C

Symbol: writedata
   Definitions
      At line 93 in file LCD.s
   Uses
      At line 32 in file LCD.s
Comment: writedata used once
6 symbols



ARM Macro Assembler    Page 1 Alphabetic symbol ordering
Absolute symbols

DC 40004100

Symbol: DC
   Definitions
      At line 22 in file LCD.s
   Uses
      At line 76 in file LCD.s
      At line 107 in file LCD.s

DC_COMMAND 00000000

Symbol: DC_COMMAND
   Definitions
      At line 23 in file LCD.s
   Uses
      At line 77 in file LCD.s
Comment: DC_COMMAND used once
DC_DATA 00000040

Symbol: DC_DATA
   Definitions
      At line 24 in file LCD.s
   Uses
      At line 108 in file LCD.s
Comment: DC_DATA used once
SSI0_DR_R 40008008

Symbol: SSI0_DR_R
   Definitions
      At line 25 in file LCD.s
   Uses
      At line 79 in file LCD.s
      At line 110 in file LCD.s

SSI0_SR_R 4000800C

Symbol: SSI0_SR_R
   Definitions
      At line 26 in file LCD.s
   Uses
      At line 70 in file LCD.s
      At line 101 in file LCD.s

SSI_SR_BSY 00000010

Symbol: SSI_SR_BSY
   Definitions
      At line 28 in file LCD.s
   Uses
      None
Comment: SSI_SR_BSY unused
SSI_SR_RNE 00000004

Symbol: SSI_SR_RNE
   Definitions
      At line 27 in file LCD.s
   Uses
      None
Comment: SSI_SR_RNE unused



ARM Macro Assembler    Page 2 Alphabetic symbol ordering
Absolute symbols

SSI_SR_TNF 00000002

Symbol: SSI_SR_TNF
   Definitions
      At line 29 in file LCD.s
   Uses
      None
Comment: SSI_SR_TNF unused
8 symbols
346 symbols in table
